Diagnose log at 2023-08-29T10:26:53Z

AppPath: C:\Program Files\Git\mingw64\bin\git-credential-manager.exe
InstallDir: C:\Program Files\Git\mingw64\bin\
Version: 2.0.886+ea93cb5158

------------
Diagnostic: Environment
Skipped: False
Success: True
Exception: None
Log:
OSType: Windows
OSVersion: 10.0 (build 22621)
Reading environment variables... OK
 Variables:
HOMEPATH=\Users\renew
DriverData=C:\Windows\System32\Drivers\DriverData
COMPUTERNAME=RENELAPI
CommonProgramFiles(x86)=C:\Program Files (x86)\Common Files
OneDrive=C:\Users\renew\OneDrive
RegionCode=EMEA
TMP=C:\Users\renew\AppData\Local\Temp
PROCESSOR_REVISION=9a04
PATHEXT=.COM;.EXE;.BAT;.CMD;.VBS;.VBE;.JS;.JSE;.WSF;.WSH;.MSC
GIT_EXEC_PATH=C:/Program Files/Git/mingw64/libexec/git-core
platformcode=KV
TEMP=C:\Users\renew\AppData\Local\Temp
LOCALAPPDATA=C:\Users\renew\AppData\Local
MSYSTEM=MINGW64
TERM=xterm-256color
COLORTERM=truecolor
USERDOMAIN=RENELAPI
ProgramFiles(x86)=C:\Program Files (x86)
EFC_11932=1
Path=C:/Program Files/Git/mingw64/libexec/git-core;C:\Program Files\Git\mingw64\bin;C:\Program Files\Git\usr\bin;C:\Users\renew\bin;C:\windows\system32;C:\windows;C:\windows\System32\Wbem;C:\windows\System32\WindowsPowerShell\v1.0\;C:\windows\System32\OpenSSH\;C:\Program Files\Git\cmd;C:\Users\renew\AppData\Local\Programs\Python\Python311;C:\Users\renew\AppData\Local\Programs\Python\Python311\Scripts;C:\Users\renew\AppData\Local\Microsoft\WindowsApps;C:\Users\renew\AppData\Local\GitHubDesktop\bin;C:\Users\renew\AppData\Local\Programs\Microsoft VS Code\bin
PROCESSOR_LEVEL=6
PROCESSOR_IDENTIFIER=Intel64 Family 6 Model 154 Stepping 4, GenuineIntel
TMPDIR=C:\Users\renew\AppData\Local\Temp
PROMPT=$P$G
PSModulePath=C:\Program Files\WindowsPowerShell\Modules;C:\windows\system32\WindowsPowerShell\v1.0\Modules
PUBLIC=C:\Users\Public
NUMBER_OF_PROCESSORS=12
SESSIONNAME=Console
CommonProgramFiles=C:\Program Files (x86)\Common Files
IGCCSVC_DB=AQAAANCMnd8BFdERjHoAwE/Cl+sBAAAAPpJhg2NuQUq3h+WItY1C5wQAAAACAAAAAAAQZgAAAAEAACAAAAAcvuMemCStSZGZLaEP/pQnCYe6ylDeD1d67GDv16fJwQAAAAAOgAAAAAIAACAAAAD4Z7iL2U90+u/X2y8TKT0n5C1vmCzjU+oEBZRw8TkckWAAAADWe/jki2TOyQ0DeIKHtwqYbMU+V05RUs+C1oevMwAwcVCAux86Ugr7BERrvqVrDb0iCZvNGgpBg2bbNj8IIhPsLlXpNOXVfMkAEpxmVeSFAVudpHMPxq/7wBSKJmuIMmBAAAAAYR1PxX6R6iYERcYyP9zfzjnJqbKQ1jnSZ6Xfnr5Un5xe6wssT3waOL3/QGnMP+LAthgtJAOp5kXY34n9if/CEQ==
asl.log=Destination=file
PLINK_PROTOCOL=ssh
ProgramData=C:\ProgramData
ProgramW6432=C:\Program Files
ProgramFiles=C:\Program Files (x86)
OnlineServices=Online Services
SystemRoot=C:\windows
HOME=C:\Users\renew
LC_CTYPE=C.UTF-8
CommonProgramW6432=C:\Program Files\Common Files
ZES_ENABLE_SYSMAN=1
LOGONSERVER=\\RENELAPI
USERPROFILE=C:\Users\renew
USERDOMAIN_ROAMINGPROFILE=RENELAPI
APPDATA=C:\Users\renew\AppData\Roaming
HOMEDRIVE=C:
USERNAME=renew
PROCESSOR_ARCHITEW6432=AMD64
PROCESSOR_ARCHITECTURE=x86
OS=Windows_NT
ComSpec=C:\windows\system32\cmd.exe
SystemDrive=C:
windir=C:\windows
OneDriveConsumer=C:\Users\renew\OneDrive
ALLUSERSPROFILE=C:\ProgramData


------------
Diagnostic: File system
Skipped: False
Success: True
Exception: None
Log:
Temporary directory is 'C:\Users\renew\AppData\Local\Temp\'...
Checking basic file I/O...
Writing to temporary file 'C:\Users\renew\AppData\Local\Temp\e47949e2977eb66150b47a22'... OK
Reading from temporary file 'C:\Users\renew\AppData\Local\Temp\e47949e2977eb66150b47a22'... OK
Deleting temporary file 'C:\Users\renew\AppData\Local\Temp\e47949e2977eb66150b47a22'... OK
Testing IFileSystem instance...
UserHomePath: C:\Users\renew
UserDataDirectoryPath: C:\Users\renew\.gcm
GetCurrentDirectory(): C:\Users\renew\_Development\git-learning

------------
Diagnostic: Networking
Skipped: False
Success: True
Exception: None
Log:
Checking networking and HTTP stack...
Creating HTTP client... OK
IsNetworkAvailable: True
Sending HEAD request to http://example.com... OK
Sending HEAD request to https://example.com... OK
Acquiring free TCP port... OK
Testing local HTTP loopback connections...
Creating new HTTP listener for http://localhost:53142/... OK
Waiting for loopback connection... OK
Writing response... OK
Waiting for response data... OK
Loopback connection data OK

------------
Diagnostic: Git
Skipped: False
Success: True
Exception: None
Log:
Getting Git version... OK
Git version is '2.39.2.windows.1'
Locating current repository... OK
Git repository at 'C:/Users/renew/_Development/git-learning/.git'
Listing all Git configuration... OK
Git configuration:
file:C:/Program Files/Git/etc/gitconfig	diff.astextplain.textconv=astextplain
file:C:/Program Files/Git/etc/gitconfig	filter.lfs.clean=git-lfs clean -- %f
file:C:/Program Files/Git/etc/gitconfig	filter.lfs.smudge=git-lfs smudge -- %f
file:C:/Program Files/Git/etc/gitconfig	filter.lfs.process=git-lfs filter-process
file:C:/Program Files/Git/etc/gitconfig	filter.lfs.required=true
file:C:/Program Files/Git/etc/gitconfig	http.sslbackend=openssl
file:C:/Program Files/Git/etc/gitconfig	http.sslcainfo=C:/Program Files/Git/mingw64/ssl/certs/ca-bundle.crt
file:C:/Program Files/Git/etc/gitconfig	core.autocrlf=true
file:C:/Program Files/Git/etc/gitconfig	core.fscache=true
file:C:/Program Files/Git/etc/gitconfig	core.symlinks=false
file:C:/Program Files/Git/etc/gitconfig	pull.rebase=false
file:C:/Program Files/Git/etc/gitconfig	credential.helper=manager
file:C:/Program Files/Git/etc/gitconfig	credential.https://dev.azure.com.usehttppath=true
file:C:/Program Files/Git/etc/gitconfig	init.defaultbranch=master
file:C:/Users/renew/.gitconfig	filter.lfs.clean=git-lfs clean -- %f
file:C:/Users/renew/.gitconfig	filter.lfs.smudge=git-lfs smudge -- %f
file:C:/Users/renew/.gitconfig	filter.lfs.process=git-lfs filter-process
file:C:/Users/renew/.gitconfig	filter.lfs.required=true
file:C:/Users/renew/.gitconfig	user.name=Ren├® Wachs
file:C:/Users/renew/.gitconfig	user.email=rene.wachs@gmx.ch
file:.git/config	core.repositoryformatversion=0
file:.git/config	core.filemode=false
file:.git/config	core.bare=false
file:.git/config	core.logallrefupdates=true
file:.git/config	core.symlinks=false
file:.git/config	core.ignorecase=true
file:.git/config	remote.origin.url=https://github.com/renewachs
file:.git/config	remote.origin.fetch=+refs/heads/*:refs/remotes/origin/*


------------
Diagnostic: Credential storage
Skipped: False
Success: True
Exception: None
Log:
ICredentialStore instance is of type: CredentialStore
Writing test credential... OK
Reading test credential... OK
Deleting test credential... OK

------------
Diagnostic: Microsoft authentication (AAD/MSA)
Skipped: False
Success: True
Exception: None
Log:
Broker not supported.
Flow type is: Auto
Gathering MSAL token cache data... OK
CacheDirectory: C:\Users\renew\AppData\Local\.IdentityService
CacheFileName: msal.cache
CacheFilePath: C:\Users\renew\AppData\Local\.IdentityService\msal.cache
Creating cache helper... OK
Verifying MSAL token cache persistence... OK

------------
Diagnostic: GitHub API
Skipped: False
Success: True
Exception: None
Log:
Using 'https://github.com/' as API target.
Querying '/meta' endpoint... OK

